<?xml version="1.0" encoding="UTF-8"?>
<coverage generated="1771138570211" clover="3.2.0">
  <project timestamp="1771138570211" name="All files">
    <metrics statements="178" coveredstatements="178" conditionals="89" coveredconditionals="87" methods="54" coveredmethods="52" elements="321" coveredelements="317" complexity="0" loc="178" ncloc="178" packages="4" files="4" classes="4"/>
    <package name="src">
      <metrics statements="6" coveredstatements="6" conditionals="2" coveredconditionals="2" methods="2" coveredmethods="2"/>
      <file name="math.ts" path="/Users/davidjansen/Code/lokardo-labs/kakarot-demo/src/math.ts">
        <metrics statements="6" coveredstatements="6" conditionals="2" coveredconditionals="2" methods="2" coveredmethods="2"/>
        <line num="1" count="1" type="stmt"/>
        <line num="2" count="50" type="stmt"/>
        <line num="5" count="1" type="stmt"/>
        <line num="6" count="23087" type="cond" truecount="1" falsecount="0"/>
        <line num="7" count="23081" type="cond" truecount="1" falsecount="0"/>
        <line num="8" count="23064" type="stmt"/>
      </file>
    </package>
    <package name="src.components">
      <metrics statements="53" coveredstatements="53" conditionals="34" coveredconditionals="33" methods="14" coveredmethods="14"/>
      <file name="SearchableList.tsx" path="/Users/davidjansen/Code/lokardo-labs/kakarot-demo/src/components/SearchableList.tsx">
        <metrics statements="53" coveredstatements="53" conditionals="34" coveredconditionals="33" methods="14" coveredmethods="14"/>
        <line num="1" count="1" type="stmt"/>
        <line num="20" count="1" type="stmt"/>
        <line num="29" count="104" type="stmt"/>
        <line num="30" count="104" type="stmt"/>
        <line num="31" count="104" type="stmt"/>
        <line num="32" count="104" type="stmt"/>
        <line num="33" count="104" type="stmt"/>
        <line num="35" count="104" type="stmt"/>
        <line num="36" count="70" type="stmt"/>
        <line num="37" count="15" type="cond" truecount="2" falsecount="0"/>
        <line num="38" count="2" type="stmt"/>
        <line num="40" count="13" type="stmt"/>
        <line num="41" count="13" type="stmt"/>
        <line num="44" count="50" type="cond" truecount="2" falsecount="0"/>
        <line num="49" count="15" type="stmt"/>
        <line num="52" count="70" type="stmt"/>
        <line num="55" count="104" type="stmt"/>
        <line num="57" count="76" type="stmt"/>
        <line num="59" count="26" type="cond" truecount="4" falsecount="0"/>
        <line num="61" count="17" type="stmt"/>
        <line num="62" count="17" type="stmt"/>
        <line num="63" count="17" type="stmt"/>
        <line num="64" count="17" type="cond" truecount="2" falsecount="0"/>
        <line num="66" count="17" type="stmt"/>
        <line num="69" count="2" type="stmt"/>
        <line num="70" count="2" type="stmt"/>
        <line num="71" count="2" type="stmt"/>
        <line num="72" count="2" type="cond" truecount="1" falsecount="1"/>
        <line num="74" count="2" type="stmt"/>
        <line num="77" count="6" type="stmt"/>
        <line num="78" count="6" type="cond" truecount="3" falsecount="0"/>
        <line num="79" count="4" type="stmt"/>
        <line num="81" count="6" type="stmt"/>
        <line num="84" count="1" type="stmt"/>
        <line num="85" count="1" type="stmt"/>
        <line num="86" count="1" type="stmt"/>
        <line num="87" count="1" type="stmt"/>
        <line num="94" count="104" type="stmt"/>
        <line num="95" count="70" type="cond" truecount="3" falsecount="0"/>
        <line num="96" count="18" type="stmt"/>
        <line num="97" count="18" type="stmt"/>
        <line num="101" count="104" type="cond" truecount="1" falsecount="0"/>
        <line num="102" count="4" type="stmt"/>
        <line num="109" count="100" type="cond" truecount="1" falsecount="0"/>
        <line num="110" count="4" type="stmt"/>
        <line num="117" count="298" type="stmt"/>
        <line num="119" count="96" type="stmt"/>
        <line num="125" count="18" type="stmt"/>
        <line num="149" count="298" type="stmt"/>
        <line num="150" count="298" type="stmt"/>
        <line num="152" count="298" type="stmt"/>
        <line num="162" count="2" type="cond" truecount="1" falsecount="0"/>
        <line num="163" count="1" type="stmt"/>
      </file>
    </package>
    <package name="src.models">
      <metrics statements="47" coveredstatements="47" conditionals="26" coveredconditionals="26" methods="17" coveredmethods="17"/>
      <file name="StateMachine.ts" path="/Users/davidjansen/Code/lokardo-labs/kakarot-demo/src/models/StateMachine.ts">
        <metrics statements="47" coveredstatements="47" conditionals="26" coveredconditionals="26" methods="17" coveredmethods="17"/>
        <line num="19" count="1" type="stmt"/>
        <line num="22" count="96" type="stmt"/>
        <line num="36" count="96" type="stmt"/>
        <line num="37" count="96" type="stmt"/>
        <line num="38" count="96" type="cond" truecount="2" falsecount="0"/>
        <line num="39" count="96" type="cond" truecount="2" falsecount="0"/>
        <line num="40" count="96" type="cond" truecount="2" falsecount="0"/>
        <line num="48" count="96" type="stmt"/>
        <line num="52" count="21" type="stmt"/>
        <line num="56" count="16" type="stmt"/>
        <line num="60" count="14" type="stmt"/>
        <line num="64" count="19" type="stmt"/>
        <line num="68" count="10" type="stmt"/>
        <line num="70" count="23" type="cond" truecount="4" falsecount="0"/>
        <line num="77" count="11" type="stmt"/>
        <line num="82" count="30" type="cond" truecount="3" falsecount="0"/>
        <line num="85" count="9" type="stmt"/>
        <line num="91" count="173" type="stmt"/>
        <line num="93" count="274" type="cond" truecount="4" falsecount="0"/>
        <line num="98" count="173" type="cond" truecount="1" falsecount="0"/>
        <line num="99" count="4" type="stmt"/>
        <line num="100" count="4" type="stmt"/>
        <line num="106" count="169" type="stmt"/>
        <line num="108" count="169" type="stmt"/>
        <line num="110" count="169" type="stmt"/>
        <line num="111" count="169" type="cond" truecount="1" falsecount="0"/>
        <line num="112" count="74" type="stmt"/>
        <line num="115" count="169" type="stmt"/>
        <line num="117" count="169" type="stmt"/>
        <line num="119" count="169" type="stmt"/>
        <line num="123" count="8" type="stmt"/>
        <line num="124" count="8" type="cond" truecount="1" falsecount="0"/>
        <line num="125" count="2" type="stmt"/>
        <line num="127" count="6" type="stmt"/>
        <line num="128" count="6" type="stmt"/>
        <line num="132" count="6" type="stmt"/>
        <line num="133" count="6" type="stmt"/>
        <line num="134" count="6" type="stmt"/>
        <line num="138" count="7" type="stmt"/>
        <line num="143" count="7" type="stmt"/>
        <line num="147" count="11" type="stmt"/>
        <line num="148" count="10" type="cond" truecount="3" falsecount="0"/>
        <line num="149" count="3" type="stmt"/>
        <line num="151" count="7" type="stmt"/>
        <line num="152" count="7" type="stmt"/>
        <line num="153" count="7" type="stmt"/>
        <line num="154" count="7" type="cond" truecount="2" falsecount="0"/>
      </file>
    </package>
    <package name="src.services">
      <metrics statements="72" coveredstatements="72" conditionals="27" coveredconditionals="26" methods="21" coveredmethods="19"/>
      <file name="EventBus.ts" path="/Users/davidjansen/Code/lokardo-labs/kakarot-demo/src/services/EventBus.ts">
        <metrics statements="72" coveredstatements="72" conditionals="27" coveredconditionals="26" methods="21" coveredmethods="19"/>
        <line num="9" count="1" type="stmt"/>
        <line num="10" count="65" type="stmt"/>
        <line num="11" count="65" type="stmt"/>
        <line num="14" count="65" type="cond" truecount="1" falsecount="0"/>
        <line num="15" count="16" type="stmt"/>
        <line num="16" count="16" type="stmt"/>
        <line num="17" count="16" type="stmt"/>
        <line num="20" count="49" type="cond" truecount="1" falsecount="0"/>
        <line num="21" count="38" type="stmt"/>
        <line num="24" count="49" type="stmt"/>
        <line num="25" count="49" type="stmt"/>
        <line num="26" count="49" type="stmt"/>
        <line num="28" count="49" type="stmt"/>
        <line num="32" count="23" type="cond" truecount="1" falsecount="0"/>
        <line num="33" count="3" type="stmt"/>
        <line num="34" count="3" type="stmt"/>
        <line num="35" count="3" type="stmt"/>
        <line num="38" count="20" type="cond" truecount="1" falsecount="0"/>
        <line num="39" count="16" type="stmt"/>
        <line num="42" count="20" type="stmt"/>
        <line num="43" count="20" type="stmt"/>
        <line num="44" count="20" type="stmt"/>
        <line num="46" count="20" type="stmt"/>
        <line num="50" count="33" type="cond" truecount="1" falsecount="0"/>
        <line num="51" count="5" type="stmt"/>
        <line num="52" count="5" type="stmt"/>
        <line num="54" count="5" type="stmt"/>
        <line num="57" count="28" type="stmt"/>
        <line num="58" count="28" type="cond" truecount="1" falsecount="0"/>
        <line num="60" count="33" type="stmt"/>
        <line num="61" count="26" type="cond" truecount="2" falsecount="0"/>
        <line num="62" count="19" type="stmt"/>
        <line num="64" count="7" type="stmt"/>
        <line num="69" count="57" type="stmt"/>
        <line num="71" count="57" type="cond" truecount="2" falsecount="0"/>
        <line num="72" count="57" type="stmt"/>
        <line num="74" count="57" type="stmt"/>
        <line num="75" count="50" type="stmt"/>
        <line num="76" count="50" type="stmt"/>
        <line num="78" count="8" type="cond" truecount="2" falsecount="0"/>
        <line num="80" count="50" type="cond" truecount="1" falsecount="0"/>
        <line num="81" count="14" type="stmt"/>
        <line num="85" count="57" type="stmt"/>
        <line num="86" count="14" type="stmt"/>
        <line num="90" count="57" type="stmt"/>
        <line num="91" count="57" type="stmt"/>
        <line num="92" count="12" type="stmt"/>
        <line num="93" count="12" type="stmt"/>
        <line num="95" count="2" type="cond" truecount="1" falsecount="1"/>
        <line num="97" count="12" type="cond" truecount="1" falsecount="0"/>
        <line num="98" count="3" type="stmt"/>
        <line num="102" count="57" type="stmt"/>
        <line num="103" count="3" type="stmt"/>
        <line num="106" count="57" type="cond" truecount="1" falsecount="0"/>
        <line num="107" count="8" type="stmt"/>
        <line num="115" count="9" type="stmt"/>
        <line num="116" count="9" type="stmt"/>
        <line num="117" count="3" type="stmt"/>
        <line num="118" count="3" type="stmt"/>
        <line num="121" count="9" type="stmt"/>
        <line num="122" count="6" type="stmt"/>
        <line num="123" count="6" type="stmt"/>
        <line num="126" count="9" type="stmt"/>
        <line num="131" count="26" type="cond" truecount="1" falsecount="0"/>
        <line num="132" count="6" type="stmt"/>
        <line num="134" count="20" type="cond" truecount="2" falsecount="0"/>
        <line num="138" count="5" type="cond" truecount="2" falsecount="0"/>
        <line num="139" count="1" type="stmt"/>
        <line num="140" count="4" type="cond" truecount="2" falsecount="0"/>
        <line num="141" count="2" type="stmt"/>
        <line num="143" count="2" type="stmt"/>
        <line num="144" count="2" type="stmt"/>
      </file>
    </package>
  </project>
</coverage>
