{"/Users/davidjansen/Code/lokardo-labs/kakarot-demo/src/math.ts": {"path":"/Users/davidjansen/Code/lokardo-labs/kakarot-demo/src/math.ts","statementMap":{"0":{"start":{"line":1,"column":0},"end":{"line":1,"column":16}},"1":{"start":{"line":5,"column":0},"end":{"line":5,"column":16}},"2":{"start":{"line":2,"column":2},"end":{"line":2,"column":15}},"3":{"start":{"line":6,"column":2},"end":{"line":6,"column":47}},"4":{"start":{"line":6,"column":13},"end":{"line":6,"column":47}},"5":{"start":{"line":7,"column":2},"end":{"line":7,"column":23}},"6":{"start":{"line":7,"column":14},"end":{"line":7,"column":23}},"7":{"start":{"line":8,"column":2},"end":{"line":8,"column":30}}},"fnMap":{"0":{"name":"add","decl":{"start":{"line":1,"column":16},"end":{"line":1,"column":19}},"loc":{"start":{"line":1,"column":40},"end":{"line":3,"column":1}}},"1":{"name":"factorial","decl":{"start":{"line":5,"column":16},"end":{"line":5,"column":25}},"loc":{"start":{"line":5,"column":35},"end":{"line":9,"column":1}}}},"branchMap":{"0":{"loc":{"start":{"line":6,"column":2},"end":{"line":6,"column":47}},"type":"if","locations":[{"start":{"line":6,"column":2},"end":{"line":6,"column":47}}]},"1":{"loc":{"start":{"line":7,"column":2},"end":{"line":7,"column":23}},"type":"if","locations":[{"start":{"line":7,"column":2},"end":{"line":7,"column":23}}]}},"s":{"0":1,"1":1,"2":50,"3":23087,"4":6,"5":23081,"6":17,"7":23064},"f":{"0":50,"1":23087},"b":{"0":[6],"1":[17]}}
,"/Users/davidjansen/Code/lokardo-labs/kakarot-demo/src/components/SearchableList.tsx": {"path":"/Users/davidjansen/Code/lokardo-labs/kakarot-demo/src/components/SearchableList.tsx","statementMap":{"0":{"start":{"line":20,"column":0},"end":{"line":20,"column":16}},"1":{"start":{"line":1,"column":0},"end":{"line":1,"column":72}},"2":{"start":{"line":29,"column":28},"end":{"line":29,"column":40}},"3":{"start":{"line":30,"column":34},"end":{"line":30,"column":71}},"4":{"start":{"line":31,"column":40},"end":{"line":31,"column":52}},"5":{"start":{"line":32,"column":18},"end":{"line":32,"column":48}},"6":{"start":{"line":33,"column":19},"end":{"line":33,"column":49}},"7":{"start":{"line":35,"column":2},"end":{"line":53,"column":33}},"8":{"start":{"line":36,"column":18},"end":{"line":50,"column":18}},"9":{"start":{"line":37,"column":6},"end":{"line":48,"column":7}},"10":{"start":{"line":38,"column":8},"end":{"line":38,"column":27}},"11":{"start":{"line":40,"column":22},"end":{"line":40,"column":41}},"12":{"start":{"line":41,"column":8},"end":{"line":47,"column":10}},"13":{"start":{"line":44,"column":14},"end":{"line":45,"column":61}},"14":{"start":{"line":49,"column":6},"end":{"line":49,"column":25}},"15":{"start":{"line":52,"column":4},"end":{"line":52,"column":37}},"16":{"start":{"line":52,"column":17},"end":{"line":52,"column":36}},"17":{"start":{"line":55,"column":24},"end":{"line":91,"column":null}},"18":{"start":{"line":57,"column":27},"end":{"line":57,"column":62}},"19":{"start":{"line":57,"column":50},"end":{"line":57,"column":61}},"20":{"start":{"line":59,"column":6},"end":{"line":89,"column":7}},"21":{"start":{"line":61,"column":10},"end":{"line":61,"column":29}},"22":{"start":{"line":62,"column":10},"end":{"line":65,"column":13}},"23":{"start":{"line":63,"column":25},"end":{"line":63,"column":33}},"24":{"start":{"line":64,"column":12},"end":{"line":64,"column":58}},"25":{"start":{"line":66,"column":10},"end":{"line":66,"column":16}},"26":{"start":{"line":69,"column":10},"end":{"line":69,"column":29}},"27":{"start":{"line":70,"column":10},"end":{"line":73,"column":13}},"28":{"start":{"line":71,"column":25},"end":{"line":71,"column":33}},"29":{"start":{"line":72,"column":12},"end":{"line":72,"column":61}},"30":{"start":{"line":74,"column":10},"end":{"line":74,"column":16}},"31":{"start":{"line":77,"column":10},"end":{"line":77,"column":29}},"32":{"start":{"line":78,"column":10},"end":{"line":80,"column":11}},"33":{"start":{"line":79,"column":12},"end":{"line":79,"column":48}},"34":{"start":{"line":81,"column":10},"end":{"line":81,"column":16}},"35":{"start":{"line":84,"column":10},"end":{"line":84,"column":29}},"36":{"start":{"line":85,"column":10},"end":{"line":85,"column":23}},"37":{"start":{"line":86,"column":10},"end":{"line":86,"column":35}},"38":{"start":{"line":87,"column":10},"end":{"line":87,"column":16}},"39":{"start":{"line":94,"column":2},"end":{"line":99,"column":20}},"40":{"start":{"line":95,"column":4},"end":{"line":98,"column":5}},"41":{"start":{"line":96,"column":23},"end":{"line":96,"column":76}},"42":{"start":{"line":97,"column":6},"end":{"line":97,"column":53}},"43":{"start":{"line":101,"column":2},"end":{"line":107,"column":3}},"44":{"start":{"line":102,"column":4},"end":{"line":106,"column":6}},"45":{"start":{"line":109,"column":2},"end":{"line":115,"column":3}},"46":{"start":{"line":110,"column":4},"end":{"line":114,"column":6}},"47":{"start":{"line":117,"column":26},"end":{"line":117,"column":61}},"48":{"start":{"line":117,"column":49},"end":{"line":117,"column":60}},"49":{"start":{"line":119,"column":2},"end":{"line":175,"column":4}},"50":{"start":{"line":125,"column":25},"end":{"line":125,"column":49}},"51":{"start":{"line":149,"column":33},"end":{"line":149,"column":62}},"52":{"start":{"line":150,"column":29},"end":{"line":150,"column":57}},"53":{"start":{"line":152,"column":12},"end":{"line":170,"column":14}},"54":{"start":{"line":162,"column":18},"end":{"line":164,"column":19}},"55":{"start":{"line":163,"column":20},"end":{"line":163,"column":35}}},"fnMap":{"0":{"name":"SearchableList","decl":{"start":{"line":20,"column":16},"end":{"line":20,"column":30}},"loc":{"start":{"line":28,"column":22},"end":{"line":176,"column":1}}},"1":{"name":"(anonymous_1)","decl":{"start":{"line":35,"column":12},"end":{"line":35,"column":15}},"loc":{"start":{"line":35,"column":17},"end":{"line":53,"column":3}}},"2":{"name":"(anonymous_2)","decl":{"start":{"line":36,"column":29},"end":{"line":36,"column":32}},"loc":{"start":{"line":36,"column":34},"end":{"line":50,"column":5}}},"3":{"name":"(anonymous_3)","decl":{"start":{"line":43,"column":12},"end":{"line":43,"column":13}},"loc":{"start":{"line":44,"column":14},"end":{"line":45,"column":61}}},"4":{"name":"(anonymous_4)","decl":{"start":{"line":52,"column":11},"end":{"line":52,"column":14}},"loc":{"start":{"line":52,"column":17},"end":{"line":52,"column":36}}},"5":{"name":"(anonymous_5)","decl":{"start":{"line":56,"column":4},"end":{"line":56,"column":5}},"loc":{"start":{"line":56,"column":31},"end":{"line":90,"column":5}}},"6":{"name":"(anonymous_6)","decl":{"start":{"line":57,"column":43},"end":{"line":57,"column":44}},"loc":{"start":{"line":57,"column":50},"end":{"line":57,"column":61}}},"7":{"name":"(anonymous_7)","decl":{"start":{"line":62,"column":25},"end":{"line":62,"column":26}},"loc":{"start":{"line":62,"column":34},"end":{"line":65,"column":11}}},"8":{"name":"(anonymous_8)","decl":{"start":{"line":70,"column":25},"end":{"line":70,"column":26}},"loc":{"start":{"line":70,"column":34},"end":{"line":73,"column":11}}},"9":{"name":"(anonymous_9)","decl":{"start":{"line":94,"column":12},"end":{"line":94,"column":15}},"loc":{"start":{"line":94,"column":17},"end":{"line":99,"column":3}}},"10":{"name":"(anonymous_10)","decl":{"start":{"line":117,"column":42},"end":{"line":117,"column":43}},"loc":{"start":{"line":117,"column":49},"end":{"line":117,"column":60}}},"11":{"name":"(anonymous_11)","decl":{"start":{"line":125,"column":18},"end":{"line":125,"column":19}},"loc":{"start":{"line":125,"column":25},"end":{"line":125,"column":49}}},"12":{"name":"(anonymous_12)","decl":{"start":{"line":148,"column":24},"end":{"line":148,"column":25}},"loc":{"start":{"line":148,"column":40},"end":{"line":171,"column":11}}},"13":{"name":"(anonymous_13)","decl":{"start":{"line":161,"column":25},"end":{"line":161,"column":28}},"loc":{"start":{"line":161,"column":30},"end":{"line":165,"column":17}}}},"branchMap":{"0":{"loc":{"start":{"line":23,"column":2},"end":{"line":23,"column":27}},"type":"default-arg","locations":[{"start":{"line":23,"column":16},"end":{"line":23,"column":27}}]},"1":{"loc":{"start":{"line":24,"column":2},"end":{"line":24,"column":18}},"type":"default-arg","locations":[{"start":{"line":24,"column":15},"end":{"line":24,"column":18}}]},"2":{"loc":{"start":{"line":25,"column":2},"end":{"line":25,"column":17}},"type":"default-arg","locations":[{"start":{"line":25,"column":12},"end":{"line":25,"column":17}}]},"3":{"loc":{"start":{"line":26,"column":2},"end":{"line":26,"column":37}},"type":"default-arg","locations":[{"start":{"line":26,"column":17},"end":{"line":26,"column":37}}]},"4":{"loc":{"start":{"line":27,"column":2},"end":{"line":27,"column":39}},"type":"default-arg","locations":[{"start":{"line":27,"column":21},"end":{"line":27,"column":39}}]},"5":{"loc":{"start":{"line":37,"column":6},"end":{"line":48,"column":7}},"type":"if","locations":[{"start":{"line":37,"column":6},"end":{"line":48,"column":7}},{"start":{"line":39,"column":13},"end":{"line":48,"column":7}}]},"6":{"loc":{"start":{"line":44,"column":14},"end":{"line":45,"column":61}},"type":"binary-expr","locations":[{"start":{"line":44,"column":14},"end":{"line":44,"column":54}},{"start":{"line":45,"column":14},"end":{"line":45,"column":61}}]},"7":{"loc":{"start":{"line":59,"column":6},"end":{"line":89,"column":7}},"type":"switch","locations":[{"start":{"line":60,"column":8},"end":{"line":67,"column":9}},{"start":{"line":68,"column":8},"end":{"line":75,"column":9}},{"start":{"line":76,"column":8},"end":{"line":82,"column":9}},{"start":{"line":83,"column":8},"end":{"line":88,"column":9}}]},"8":{"loc":{"start":{"line":64,"column":19},"end":{"line":64,"column":57}},"type":"cond-expr","locations":[{"start":{"line":64,"column":49},"end":{"line":64,"column":50}},{"start":{"line":64,"column":53},"end":{"line":64,"column":57}}]},"9":{"loc":{"start":{"line":72,"column":19},"end":{"line":72,"column":60}},"type":"cond-expr","locations":[{"start":{"line":72,"column":30},"end":{"line":72,"column":53}},{"start":{"line":72,"column":56},"end":{"line":72,"column":60}}]},"10":{"loc":{"start":{"line":78,"column":10},"end":{"line":80,"column":11}},"type":"if","locations":[{"start":{"line":78,"column":10},"end":{"line":80,"column":11}}]},"11":{"loc":{"start":{"line":78,"column":14},"end":{"line":78,"column":67}},"type":"binary-expr","locations":[{"start":{"line":78,"column":14},"end":{"line":78,"column":30}},{"start":{"line":78,"column":34},"end":{"line":78,"column":67}}]},"12":{"loc":{"start":{"line":95,"column":4},"end":{"line":98,"column":5}},"type":"if","locations":[{"start":{"line":95,"column":4},"end":{"line":98,"column":5}}]},"13":{"loc":{"start":{"line":95,"column":8},"end":{"line":95,"column":43}},"type":"binary-expr","locations":[{"start":{"line":95,"column":8},"end":{"line":95,"column":24}},{"start":{"line":95,"column":28},"end":{"line":95,"column":43}}]},"14":{"loc":{"start":{"line":101,"column":2},"end":{"line":107,"column":3}},"type":"if","locations":[{"start":{"line":101,"column":2},"end":{"line":107,"column":3}}]},"15":{"loc":{"start":{"line":109,"column":2},"end":{"line":115,"column":3}},"type":"if","locations":[{"start":{"line":109,"column":2},"end":{"line":115,"column":3}}]},"16":{"loc":{"start":{"line":132,"column":10},"end":{"line":132,"column":83}},"type":"cond-expr","locations":[{"start":{"line":132,"column":29},"end":{"line":132,"column":71}},{"start":{"line":132,"column":74},"end":{"line":132,"column":83}}]},"17":{"loc":{"start":{"line":137,"column":7},"end":{"line":172,"column":null}},"type":"cond-expr","locations":[{"start":{"line":138,"column":8},"end":{"line":139,"column":null}},{"start":{"line":142,"column":8},"end":{"line":171,"column":null}}]},"18":{"loc":{"start":{"line":137,"column":7},"end":{"line":137,"column":51}},"type":"binary-expr","locations":[{"start":{"line":137,"column":7},"end":{"line":137,"column":28}},{"start":{"line":137,"column":32},"end":{"line":137,"column":51}}]},"19":{"loc":{"start":{"line":162,"column":18},"end":{"line":164,"column":19}},"type":"if","locations":[{"start":{"line":162,"column":18},"end":{"line":164,"column":19}}]},"20":{"loc":{"start":{"line":168,"column":17},"end":{"line":168,"column":68}},"type":"binary-expr","locations":[{"start":{"line":168,"column":17},"end":{"line":168,"column":33}},{"start":{"line":168,"column":37},"end":{"line":168,"column":68}}]}},"s":{"0":1,"1":1,"2":104,"3":104,"4":104,"5":104,"6":104,"7":104,"8":70,"9":15,"10":2,"11":13,"12":13,"13":50,"14":15,"15":70,"16":70,"17":104,"18":26,"19":76,"20":26,"21":17,"22":17,"23":17,"24":17,"25":17,"26":2,"27":2,"28":2,"29":2,"30":2,"31":6,"32":6,"33":4,"34":6,"35":1,"36":1,"37":1,"38":1,"39":104,"40":70,"41":18,"42":18,"43":104,"44":4,"45":100,"46":4,"47":96,"48":298,"49":96,"50":18,"51":298,"52":298,"53":298,"54":2,"55":1},"f":{"0":104,"1":70,"2":15,"3":50,"4":70,"5":26,"6":76,"7":17,"8":2,"9":70,"10":298,"11":18,"12":298,"13":2},"b":{"0":[103],"1":[101],"2":[100],"3":[103],"4":[101],"5":[2,13],"6":[50,42],"7":[17,2,6,1],"8":[3,14],"9":[2,0],"10":[4],"11":[6,5],"12":[18],"13":[70,18],"14":[4],"15":[4],"16":[20,76],"17":[3,93],"18":[96,3],"19":[1],"20":[298,263]}}
,"/Users/davidjansen/Code/lokardo-labs/kakarot-demo/src/models/StateMachine.ts": {"path":"/Users/davidjansen/Code/lokardo-labs/kakarot-demo/src/models/StateMachine.ts","statementMap":{"0":{"start":{"line":22,"column":19},"end":{"line":22,"column":42}},"1":{"start":{"line":36,"column":4},"end":{"line":36,"column":27}},"2":{"start":{"line":37,"column":4},"end":{"line":37,"column":35}},"3":{"start":{"line":38,"column":4},"end":{"line":38,"column":47}},"4":{"start":{"line":39,"column":4},"end":{"line":39,"column":41}},"5":{"start":{"line":40,"column":4},"end":{"line":40,"column":37}},"6":{"start":{"line":48,"column":4},"end":{"line":48,"column":59}},"7":{"start":{"line":52,"column":4},"end":{"line":52,"column":24}},"8":{"start":{"line":56,"column":4},"end":{"line":56,"column":31}},"9":{"start":{"line":60,"column":4},"end":{"line":60,"column":50}},"10":{"start":{"line":64,"column":4},"end":{"line":64,"column":29}},"11":{"start":{"line":68,"column":4},"end":{"line":73,"column":6}},"12":{"start":{"line":70,"column":8},"end":{"line":72,"column":43}},"13":{"start":{"line":77,"column":4},"end":{"line":87,"column":6}},"14":{"start":{"line":82,"column":14},"end":{"line":83,"column":49}},"15":{"start":{"line":85,"column":22},"end":{"line":85,"column":29}},"16":{"start":{"line":91,"column":17},"end":{"line":95,"column":null}},"17":{"start":{"line":93,"column":8},"end":{"line":95,"column":43}},"18":{"start":{"line":98,"column":4},"end":{"line":104,"column":5}},"19":{"start":{"line":99,"column":24},"end":{"line":99,"column":49}},"20":{"start":{"line":100,"column":6},"end":{"line":103,"column":8}},"21":{"start":{"line":106,"column":21},"end":{"line":106,"column":33}},"22":{"start":{"line":108,"column":4},"end":{"line":108,"column":43}},"23":{"start":{"line":110,"column":4},"end":{"line":110,"column":32}},"24":{"start":{"line":111,"column":4},"end":{"line":113,"column":5}},"25":{"start":{"line":112,"column":6},"end":{"line":112,"column":27}},"26":{"start":{"line":115,"column":4},"end":{"line":115,"column":27}},"27":{"start":{"line":117,"column":4},"end":{"line":117,"column":49}},"28":{"start":{"line":119,"column":4},"end":{"line":119,"column":24}},"29":{"start":{"line":123,"column":21},"end":{"line":123,"column":39}},"30":{"start":{"line":124,"column":4},"end":{"line":126,"column":5}},"31":{"start":{"line":125,"column":6},"end":{"line":125,"column":44}},"32":{"start":{"line":127,"column":4},"end":{"line":127,"column":28}},"33":{"start":{"line":128,"column":4},"end":{"line":128,"column":24}},"34":{"start":{"line":132,"column":4},"end":{"line":132,"column":27}},"35":{"start":{"line":133,"column":4},"end":{"line":133,"column":28}},"36":{"start":{"line":134,"column":4},"end":{"line":134,"column":22}},"37":{"start":{"line":138,"column":51},"end":{"line":142,"column":6}},"38":{"start":{"line":143,"column":4},"end":{"line":143,"column":36}},"39":{"start":{"line":147,"column":51},"end":{"line":147,"column":67}},"40":{"start":{"line":148,"column":4},"end":{"line":150,"column":5}},"41":{"start":{"line":149,"column":6},"end":{"line":149,"column":49}},"42":{"start":{"line":151,"column":4},"end":{"line":151,"column":36}},"43":{"start":{"line":152,"column":4},"end":{"line":152,"column":28}},"44":{"start":{"line":153,"column":4},"end":{"line":153,"column":43}},"45":{"start":{"line":154,"column":4},"end":{"line":154,"column":42}},"46":{"start":{"line":19,"column":0},"end":{"line":19,"column":13}}},"fnMap":{"0":{"name":"(anonymous_0)","decl":{"start":{"line":27,"column":2},"end":{"line":27,"column":null}},"loc":{"start":{"line":34,"column":10},"end":{"line":41,"column":3}}},"1":{"name":"(anonymous_1)","decl":{"start":{"line":43,"column":2},"end":{"line":43,"column":8}},"loc":{"start":{"line":46,"column":99},"end":{"line":49,"column":3}}},"2":{"name":"(anonymous_2)","decl":{"start":{"line":51,"column":2},"end":{"line":51,"column":10}},"loc":{"start":{"line":51,"column":10},"end":{"line":53,"column":3}}},"3":{"name":"(anonymous_3)","decl":{"start":{"line":55,"column":2},"end":{"line":55,"column":12}},"loc":{"start":{"line":55,"column":12},"end":{"line":57,"column":3}}},"4":{"name":"(anonymous_4)","decl":{"start":{"line":59,"column":2},"end":{"line":59,"column":12}},"loc":{"start":{"line":59,"column":44},"end":{"line":61,"column":3}}},"5":{"name":"(anonymous_5)","decl":{"start":{"line":63,"column":2},"end":{"line":63,"column":12}},"loc":{"start":{"line":63,"column":12},"end":{"line":65,"column":3}}},"6":{"name":"(anonymous_6)","decl":{"start":{"line":67,"column":2},"end":{"line":67,"column":15}},"loc":{"start":{"line":67,"column":29},"end":{"line":74,"column":3}}},"7":{"name":"(anonymous_7)","decl":{"start":{"line":69,"column":6},"end":{"line":69,"column":7}},"loc":{"start":{"line":70,"column":8},"end":{"line":72,"column":43}}},"8":{"name":"(anonymous_8)","decl":{"start":{"line":76,"column":2},"end":{"line":76,"column":20}},"loc":{"start":{"line":76,"column":20},"end":{"line":88,"column":3}}},"9":{"name":"(anonymous_9)","decl":{"start":{"line":81,"column":12},"end":{"line":81,"column":13}},"loc":{"start":{"line":82,"column":14},"end":{"line":83,"column":49}}},"10":{"name":"(anonymous_10)","decl":{"start":{"line":85,"column":15},"end":{"line":85,"column":16}},"loc":{"start":{"line":85,"column":22},"end":{"line":85,"column":29}}},"11":{"name":"(anonymous_11)","decl":{"start":{"line":90,"column":2},"end":{"line":90,"column":12}},"loc":{"start":{"line":90,"column":26},"end":{"line":120,"column":3}}},"12":{"name":"(anonymous_12)","decl":{"start":{"line":92,"column":6},"end":{"line":92,"column":7}},"loc":{"start":{"line":93,"column":8},"end":{"line":95,"column":43}}},"13":{"name":"(anonymous_13)","decl":{"start":{"line":122,"column":2},"end":{"line":122,"column":6}},"loc":{"start":{"line":122,"column":6},"end":{"line":129,"column":3}}},"14":{"name":"(anonymous_14)","decl":{"start":{"line":131,"column":2},"end":{"line":131,"column":7}},"loc":{"start":{"line":131,"column":23},"end":{"line":135,"column":3}}},"15":{"name":"(anonymous_15)","decl":{"start":{"line":137,"column":2},"end":{"line":137,"column":11}},"loc":{"start":{"line":137,"column":11},"end":{"line":144,"column":3}}},"16":{"name":"(anonymous_16)","decl":{"start":{"line":146,"column":2},"end":{"line":146,"column":13}},"loc":{"start":{"line":146,"column":26},"end":{"line":155,"column":3}}}},"branchMap":{"0":{"loc":{"start":{"line":30,"column":4},"end":{"line":34,"column":10}},"type":"default-arg","locations":[{"start":{"line":34,"column":8},"end":{"line":34,"column":10}}]},"1":{"loc":{"start":{"line":38,"column":22},"end":{"line":38,"column":46}},"type":"binary-expr","locations":[{"start":{"line":38,"column":22},"end":{"line":38,"column":40}},{"start":{"line":38,"column":44},"end":{"line":38,"column":46}}]},"2":{"loc":{"start":{"line":39,"column":19},"end":{"line":39,"column":40}},"type":"binary-expr","locations":[{"start":{"line":39,"column":19},"end":{"line":39,"column":34}},{"start":{"line":39,"column":38},"end":{"line":39,"column":40}}]},"3":{"loc":{"start":{"line":40,"column":17},"end":{"line":40,"column":36}},"type":"binary-expr","locations":[{"start":{"line":40,"column":17},"end":{"line":40,"column":30}},{"start":{"line":40,"column":34},"end":{"line":40,"column":36}}]},"4":{"loc":{"start":{"line":70,"column":8},"end":{"line":72,"column":43}},"type":"binary-expr","locations":[{"start":{"line":70,"column":8},"end":{"line":70,"column":31}},{"start":{"line":71,"column":8},"end":{"line":71,"column":25}},{"start":{"line":72,"column":9},"end":{"line":72,"column":17}},{"start":{"line":72,"column":21},"end":{"line":72,"column":42}}]},"5":{"loc":{"start":{"line":82,"column":14},"end":{"line":83,"column":49}},"type":"binary-expr","locations":[{"start":{"line":82,"column":14},"end":{"line":82,"column":37}},{"start":{"line":83,"column":15},"end":{"line":83,"column":23}},{"start":{"line":83,"column":27},"end":{"line":83,"column":48}}]},"6":{"loc":{"start":{"line":93,"column":8},"end":{"line":95,"column":43}},"type":"binary-expr","locations":[{"start":{"line":93,"column":8},"end":{"line":93,"column":31}},{"start":{"line":94,"column":8},"end":{"line":94,"column":25}},{"start":{"line":95,"column":9},"end":{"line":95,"column":17}},{"start":{"line":95,"column":21},"end":{"line":95,"column":42}}]},"7":{"loc":{"start":{"line":98,"column":4},"end":{"line":104,"column":5}},"type":"if","locations":[{"start":{"line":98,"column":4},"end":{"line":104,"column":5}}]},"8":{"loc":{"start":{"line":111,"column":4},"end":{"line":113,"column":5}},"type":"if","locations":[{"start":{"line":111,"column":4},"end":{"line":113,"column":5}}]},"9":{"loc":{"start":{"line":124,"column":4},"end":{"line":126,"column":5}},"type":"if","locations":[{"start":{"line":124,"column":4},"end":{"line":126,"column":5}}]},"10":{"loc":{"start":{"line":148,"column":4},"end":{"line":150,"column":5}},"type":"if","locations":[{"start":{"line":148,"column":4},"end":{"line":150,"column":5}}]},"11":{"loc":{"start":{"line":148,"column":8},"end":{"line":148,"column":61}},"type":"binary-expr","locations":[{"start":{"line":148,"column":8},"end":{"line":148,"column":25}},{"start":{"line":148,"column":29},"end":{"line":148,"column":61}}]},"12":{"loc":{"start":{"line":154,"column":19},"end":{"line":154,"column":41}},"type":"binary-expr","locations":[{"start":{"line":154,"column":19},"end":{"line":154,"column":35}},{"start":{"line":154,"column":39},"end":{"line":154,"column":41}}]}},"s":{"0":96,"1":96,"2":96,"3":96,"4":96,"5":96,"6":96,"7":21,"8":16,"9":14,"10":19,"11":10,"12":23,"13":11,"14":30,"15":9,"16":173,"17":274,"18":173,"19":4,"20":4,"21":169,"22":169,"23":169,"24":169,"25":74,"26":169,"27":169,"28":169,"29":8,"30":8,"31":2,"32":6,"33":6,"34":6,"35":6,"36":6,"37":7,"38":7,"39":11,"40":10,"41":3,"42":7,"43":7,"44":7,"45":7,"46":1},"f":{"0":96,"1":96,"2":21,"3":16,"4":14,"5":19,"6":10,"7":23,"8":11,"9":30,"10":9,"11":173,"12":274,"13":8,"14":6,"15":7,"16":11},"b":{"0":[85],"1":[96,92],"2":[96,92],"3":[96,92],"4":[23,10,8,6],"5":[30,12,5],"6":[274,176,171,4],"7":[4],"8":[74],"9":[2],"10":[3],"11":[10,8],"12":[7,3]}}
,"/Users/davidjansen/Code/lokardo-labs/kakarot-demo/src/services/EventBus.ts": {"path":"/Users/davidjansen/Code/lokardo-labs/kakarot-demo/src/services/EventBus.ts","statementMap":{"0":{"start":{"line":10,"column":10},"end":{"line":10,"column":56}},"1":{"start":{"line":11,"column":10},"end":{"line":11,"column":49}},"2":{"start":{"line":14,"column":4},"end":{"line":18,"column":5}},"3":{"start":{"line":15,"column":6},"end":{"line":15,"column":70}},"4":{"start":{"line":16,"column":6},"end":{"line":16,"column":69}},"5":{"start":{"line":16,"column":44},"end":{"line":16,"column":67}},"6":{"start":{"line":17,"column":6},"end":{"line":17,"column":42}},"7":{"start":{"line":17,"column":19},"end":{"line":17,"column":41}},"8":{"start":{"line":20,"column":4},"end":{"line":22,"column":5}},"9":{"start":{"line":21,"column":6},"end":{"line":21,"column":36}},"10":{"start":{"line":24,"column":17},"end":{"line":24,"column":43}},"11":{"start":{"line":25,"column":4},"end":{"line":25,"column":50}},"12":{"start":{"line":26,"column":4},"end":{"line":26,"column":49}},"13":{"start":{"line":26,"column":24},"end":{"line":26,"column":47}},"14":{"start":{"line":28,"column":4},"end":{"line":28,"column":42}},"15":{"start":{"line":28,"column":17},"end":{"line":28,"column":41}},"16":{"start":{"line":32,"column":4},"end":{"line":36,"column":5}},"17":{"start":{"line":33,"column":6},"end":{"line":33,"column":69}},"18":{"start":{"line":34,"column":6},"end":{"line":34,"column":69}},"19":{"start":{"line":34,"column":44},"end":{"line":34,"column":67}},"20":{"start":{"line":35,"column":6},"end":{"line":35,"column":42}},"21":{"start":{"line":35,"column":19},"end":{"line":35,"column":41}},"22":{"start":{"line":38,"column":4},"end":{"line":40,"column":5}},"23":{"start":{"line":39,"column":6},"end":{"line":39,"column":36}},"24":{"start":{"line":42,"column":17},"end":{"line":42,"column":43}},"25":{"start":{"line":43,"column":4},"end":{"line":43,"column":49}},"26":{"start":{"line":44,"column":4},"end":{"line":44,"column":49}},"27":{"start":{"line":44,"column":24},"end":{"line":44,"column":47}},"28":{"start":{"line":46,"column":4},"end":{"line":46,"column":42}},"29":{"start":{"line":46,"column":17},"end":{"line":46,"column":41}},"30":{"start":{"line":50,"column":4},"end":{"line":55,"column":5}},"31":{"start":{"line":51,"column":6},"end":{"line":53,"column":8}},"32":{"start":{"line":52,"column":15},"end":{"line":52,"column":36}},"33":{"start":{"line":54,"column":6},"end":{"line":54,"column":13}},"34":{"start":{"line":57,"column":17},"end":{"line":57,"column":42}},"35":{"start":{"line":58,"column":4},"end":{"line":58,"column":22}},"36":{"start":{"line":58,"column":15},"end":{"line":58,"column":22}},"37":{"start":{"line":60,"column":21},"end":{"line":60,"column":62}},"38":{"start":{"line":60,"column":40},"end":{"line":60,"column":61}},"39":{"start":{"line":61,"column":4},"end":{"line":65,"column":5}},"40":{"start":{"line":62,"column":6},"end":{"line":62,"column":35}},"41":{"start":{"line":64,"column":6},"end":{"line":64,"column":42}},"42":{"start":{"line":69,"column":28},"end":{"line":69,"column":30}},"43":{"start":{"line":71,"column":17},"end":{"line":71,"column":48}},"44":{"start":{"line":72,"column":37},"end":{"line":72,"column":39}},"45":{"start":{"line":74,"column":4},"end":{"line":83,"column":5}},"46":{"start":{"line":75,"column":6},"end":{"line":79,"column":7}},"47":{"start":{"line":76,"column":8},"end":{"line":76,"column":35}},"48":{"start":{"line":78,"column":8},"end":{"line":78,"column":73}},"49":{"start":{"line":80,"column":6},"end":{"line":82,"column":7}},"50":{"start":{"line":81,"column":8},"end":{"line":81,"column":35}},"51":{"start":{"line":85,"column":4},"end":{"line":87,"column":5}},"52":{"start":{"line":86,"column":6},"end":{"line":86,"column":31}},"53":{"start":{"line":90,"column":45},"end":{"line":90,"column":47}},"54":{"start":{"line":91,"column":4},"end":{"line":100,"column":5}},"55":{"start":{"line":92,"column":6},"end":{"line":96,"column":7}},"56":{"start":{"line":93,"column":8},"end":{"line":93,"column":42}},"57":{"start":{"line":95,"column":8},"end":{"line":95,"column":73}},"58":{"start":{"line":97,"column":6},"end":{"line":99,"column":7}},"59":{"start":{"line":98,"column":8},"end":{"line":98,"column":43}},"60":{"start":{"line":102,"column":4},"end":{"line":104,"column":5}},"61":{"start":{"line":103,"column":6},"end":{"line":103,"column":29}},"62":{"start":{"line":106,"column":4},"end":{"line":111,"column":5}},"63":{"start":{"line":107,"column":6},"end":{"line":110,"column":8}},"64":{"start":{"line":115,"column":4},"end":{"line":127,"column":7}},"65":{"start":{"line":116,"column":20},"end":{"line":119,"column":17}},"66":{"start":{"line":117,"column":8},"end":{"line":117,"column":33}},"67":{"start":{"line":118,"column":8},"end":{"line":118,"column":78}},"68":{"start":{"line":121,"column":36},"end":{"line":124,"column":7}},"69":{"start":{"line":122,"column":8},"end":{"line":122,"column":28}},"70":{"start":{"line":123,"column":8},"end":{"line":123,"column":22}},"71":{"start":{"line":126,"column":6},"end":{"line":126,"column":32}},"72":{"start":{"line":131,"column":4},"end":{"line":133,"column":5}},"73":{"start":{"line":132,"column":6},"end":{"line":132,"column":43}},"74":{"start":{"line":134,"column":4},"end":{"line":134,"column":52}},"75":{"start":{"line":138,"column":4},"end":{"line":145,"column":5}},"76":{"start":{"line":139,"column":6},"end":{"line":139,"column":34}},"77":{"start":{"line":140,"column":11},"end":{"line":145,"column":5}},"78":{"start":{"line":141,"column":6},"end":{"line":141,"column":35}},"79":{"start":{"line":143,"column":6},"end":{"line":143,"column":29}},"80":{"start":{"line":144,"column":6},"end":{"line":144,"column":34}},"81":{"start":{"line":9,"column":0},"end":{"line":9,"column":13}}},"fnMap":{"0":{"name":"(anonymous_0)","decl":{"start":{"line":9,"column":0},"end":{"line":9,"column":13}},"loc":{"start":{"line":9,"column":0},"end":{"line":147,"column":1}}},"1":{"name":"(anonymous_1)","decl":{"start":{"line":13,"column":2},"end":{"line":13,"column":4}},"loc":{"start":{"line":13,"column":55},"end":{"line":29,"column":3}}},"2":{"name":"(anonymous_2)","decl":{"start":{"line":16,"column":34},"end":{"line":16,"column":35}},"loc":{"start":{"line":16,"column":44},"end":{"line":16,"column":67}}},"3":{"name":"(anonymous_3)","decl":{"start":{"line":17,"column":13},"end":{"line":17,"column":16}},"loc":{"start":{"line":17,"column":19},"end":{"line":17,"column":41}}},"4":{"name":"(anonymous_4)","decl":{"start":{"line":26,"column":14},"end":{"line":26,"column":15}},"loc":{"start":{"line":26,"column":24},"end":{"line":26,"column":47}}},"5":{"name":"(anonymous_5)","decl":{"start":{"line":28,"column":11},"end":{"line":28,"column":14}},"loc":{"start":{"line":28,"column":17},"end":{"line":28,"column":41}}},"6":{"name":"(anonymous_6)","decl":{"start":{"line":31,"column":2},"end":{"line":31,"column":6}},"loc":{"start":{"line":31,"column":57},"end":{"line":47,"column":3}}},"7":{"name":"(anonymous_7)","decl":{"start":{"line":34,"column":34},"end":{"line":34,"column":35}},"loc":{"start":{"line":34,"column":44},"end":{"line":34,"column":67}}},"8":{"name":"(anonymous_8)","decl":{"start":{"line":35,"column":13},"end":{"line":35,"column":16}},"loc":{"start":{"line":35,"column":19},"end":{"line":35,"column":41}}},"9":{"name":"(anonymous_9)","decl":{"start":{"line":44,"column":14},"end":{"line":44,"column":15}},"loc":{"start":{"line":44,"column":24},"end":{"line":44,"column":47}}},"10":{"name":"(anonymous_10)","decl":{"start":{"line":46,"column":11},"end":{"line":46,"column":14}},"loc":{"start":{"line":46,"column":17},"end":{"line":46,"column":41}}},"11":{"name":"(anonymous_11)","decl":{"start":{"line":49,"column":2},"end":{"line":49,"column":5}},"loc":{"start":{"line":49,"column":42},"end":{"line":66,"column":3}}},"12":{"name":"(anonymous_12)","decl":{"start":{"line":52,"column":8},"end":{"line":52,"column":9}},"loc":{"start":{"line":52,"column":15},"end":{"line":52,"column":36}}},"13":{"name":"(anonymous_13)","decl":{"start":{"line":60,"column":33},"end":{"line":60,"column":34}},"loc":{"start":{"line":60,"column":40},"end":{"line":60,"column":61}}},"14":{"name":"(anonymous_14)","decl":{"start":{"line":68,"column":2},"end":{"line":68,"column":7}},"loc":{"start":{"line":68,"column":46},"end":{"line":112,"column":3}}},"15":{"name":"(anonymous_15)","decl":{"start":{"line":114,"column":2},"end":{"line":114,"column":9}},"loc":{"start":{"line":114,"column":39},"end":{"line":128,"column":3}}},"16":{"name":"(anonymous_16)","decl":{"start":{"line":115,"column":23},"end":{"line":115,"column":24}},"loc":{"start":{"line":115,"column":43},"end":{"line":127,"column":5}}},"17":{"name":"(anonymous_17)","decl":{"start":{"line":116,"column":31},"end":{"line":116,"column":34}},"loc":{"start":{"line":116,"column":36},"end":{"line":119,"column":7}}},"18":{"name":"(anonymous_18)","decl":{"start":{"line":121,"column":36},"end":{"line":121,"column":37}},"loc":{"start":{"line":121,"column":48},"end":{"line":124,"column":7}}},"19":{"name":"(anonymous_19)","decl":{"start":{"line":130,"column":2},"end":{"line":130,"column":15}},"loc":{"start":{"line":130,"column":29},"end":{"line":135,"column":3}}},"20":{"name":"(anonymous_20)","decl":{"start":{"line":137,"column":2},"end":{"line":137,"column":20}},"loc":{"start":{"line":137,"column":35},"end":{"line":146,"column":3}}}},"branchMap":{"0":{"loc":{"start":{"line":13,"column":43},"end":{"line":13,"column":55}},"type":"default-arg","locations":[{"start":{"line":13,"column":54},"end":{"line":13,"column":55}}]},"1":{"loc":{"start":{"line":14,"column":4},"end":{"line":18,"column":5}},"type":"if","locations":[{"start":{"line":14,"column":4},"end":{"line":18,"column":5}}]},"2":{"loc":{"start":{"line":20,"column":4},"end":{"line":22,"column":5}},"type":"if","locations":[{"start":{"line":20,"column":4},"end":{"line":22,"column":5}}]},"3":{"loc":{"start":{"line":31,"column":45},"end":{"line":31,"column":57}},"type":"default-arg","locations":[{"start":{"line":31,"column":56},"end":{"line":31,"column":57}}]},"4":{"loc":{"start":{"line":32,"column":4},"end":{"line":36,"column":5}},"type":"if","locations":[{"start":{"line":32,"column":4},"end":{"line":36,"column":5}}]},"5":{"loc":{"start":{"line":38,"column":4},"end":{"line":40,"column":5}},"type":"if","locations":[{"start":{"line":38,"column":4},"end":{"line":40,"column":5}}]},"6":{"loc":{"start":{"line":50,"column":4},"end":{"line":55,"column":5}},"type":"if","locations":[{"start":{"line":50,"column":4},"end":{"line":55,"column":5}}]},"7":{"loc":{"start":{"line":58,"column":4},"end":{"line":58,"column":22}},"type":"if","locations":[{"start":{"line":58,"column":4},"end":{"line":58,"column":22}}]},"8":{"loc":{"start":{"line":61,"column":4},"end":{"line":65,"column":5}},"type":"if","locations":[{"start":{"line":61,"column":4},"end":{"line":65,"column":5}},{"start":{"line":63,"column":11},"end":{"line":65,"column":5}}]},"9":{"loc":{"start":{"line":71,"column":17},"end":{"line":71,"column":48}},"type":"binary-expr","locations":[{"start":{"line":71,"column":17},"end":{"line":71,"column":42}},{"start":{"line":71,"column":46},"end":{"line":71,"column":48}}]},"10":{"loc":{"start":{"line":78,"column":20},"end":{"line":78,"column":71}},"type":"cond-expr","locations":[{"start":{"line":78,"column":43},"end":{"line":78,"column":46}},{"start":{"line":78,"column":49},"end":{"line":78,"column":71}}]},"11":{"loc":{"start":{"line":80,"column":6},"end":{"line":82,"column":7}},"type":"if","locations":[{"start":{"line":80,"column":6},"end":{"line":82,"column":7}}]},"12":{"loc":{"start":{"line":95,"column":20},"end":{"line":95,"column":71}},"type":"cond-expr","locations":[{"start":{"line":95,"column":43},"end":{"line":95,"column":46}},{"start":{"line":95,"column":49},"end":{"line":95,"column":71}}]},"13":{"loc":{"start":{"line":97,"column":6},"end":{"line":99,"column":7}},"type":"if","locations":[{"start":{"line":97,"column":6},"end":{"line":99,"column":7}}]},"14":{"loc":{"start":{"line":106,"column":4},"end":{"line":111,"column":5}},"type":"if","locations":[{"start":{"line":106,"column":4},"end":{"line":111,"column":5}}]},"15":{"loc":{"start":{"line":114,"column":25},"end":{"line":114,"column":39}},"type":"default-arg","locations":[{"start":{"line":114,"column":35},"end":{"line":114,"column":39}}]},"16":{"loc":{"start":{"line":131,"column":4},"end":{"line":133,"column":5}},"type":"if","locations":[{"start":{"line":131,"column":4},"end":{"line":133,"column":5}}]},"17":{"loc":{"start":{"line":134,"column":12},"end":{"line":134,"column":43}},"type":"binary-expr","locations":[{"start":{"line":134,"column":12},"end":{"line":134,"column":37}},{"start":{"line":134,"column":41},"end":{"line":134,"column":43}}]},"18":{"loc":{"start":{"line":138,"column":4},"end":{"line":145,"column":5}},"type":"if","locations":[{"start":{"line":138,"column":4},"end":{"line":145,"column":5}},{"start":{"line":140,"column":11},"end":{"line":145,"column":5}}]},"19":{"loc":{"start":{"line":140,"column":11},"end":{"line":145,"column":5}},"type":"if","locations":[{"start":{"line":140,"column":11},"end":{"line":145,"column":5}},{"start":{"line":142,"column":11},"end":{"line":145,"column":5}}]}},"s":{"0":65,"1":65,"2":65,"3":16,"4":16,"5":5,"6":16,"7":1,"8":49,"9":38,"10":49,"11":49,"12":49,"13":17,"14":49,"15":2,"16":23,"17":3,"18":3,"19":0,"20":3,"21":0,"22":20,"23":16,"24":20,"25":20,"26":20,"27":4,"28":20,"29":2,"30":33,"31":5,"32":5,"33":5,"34":28,"35":28,"36":2,"37":26,"38":33,"39":26,"40":19,"41":7,"42":57,"43":57,"44":57,"45":57,"46":50,"47":50,"48":8,"49":50,"50":14,"51":57,"52":14,"53":57,"54":57,"55":12,"56":12,"57":2,"58":12,"59":3,"60":57,"61":3,"62":57,"63":8,"64":9,"65":9,"66":3,"67":3,"68":9,"69":6,"70":6,"71":9,"72":26,"73":6,"74":20,"75":5,"76":1,"77":4,"78":2,"79":2,"80":2,"81":1},"f":{"0":65,"1":65,"2":5,"3":1,"4":17,"5":2,"6":23,"7":0,"8":0,"9":4,"10":2,"11":33,"12":5,"13":33,"14":57,"15":9,"16":9,"17":3,"18":6,"19":26,"20":5},"b":{"0":[56],"1":[16],"2":[38],"3":[20],"4":[3],"5":[16],"6":[5],"7":[2],"8":[19,7],"9":[57,19],"10":[7,1],"11":[14],"12":[2,0],"13":[3],"14":[8],"15":[6],"16":[6],"17":[20,9],"18":[1,4],"19":[2,2]}}
}
