TN:
SF:src/math.ts
FN:1,add
FN:5,factorial
FNF:2
FNH:2
FNDA:50,add
FNDA:23087,factorial
DA:1,1
DA:2,50
DA:5,1
DA:6,23087
DA:7,23081
DA:8,23064
LF:6
LH:6
BRDA:6,0,0,6
BRDA:7,1,0,17
BRF:2
BRH:2
end_of_record
TN:
SF:src/components/SearchableList.tsx
FN:20,SearchableList
FN:35,(anonymous_1)
FN:36,(anonymous_2)
FN:43,(anonymous_3)
FN:52,(anonymous_4)
FN:56,(anonymous_5)
FN:57,(anonymous_6)
FN:62,(anonymous_7)
FN:70,(anonymous_8)
FN:94,(anonymous_9)
FN:117,(anonymous_10)
FN:125,(anonymous_11)
FN:148,(anonymous_12)
FN:161,(anonymous_13)
FNF:14
FNH:14
FNDA:104,SearchableList
FNDA:70,(anonymous_1)
FNDA:15,(anonymous_2)
FNDA:50,(anonymous_3)
FNDA:70,(anonymous_4)
FNDA:26,(anonymous_5)
FNDA:76,(anonymous_6)
FNDA:17,(anonymous_7)
FNDA:2,(anonymous_8)
FNDA:70,(anonymous_9)
FNDA:298,(anonymous_10)
FNDA:18,(anonymous_11)
FNDA:298,(anonymous_12)
FNDA:2,(anonymous_13)
DA:1,1
DA:20,1
DA:29,104
DA:30,104
DA:31,104
DA:32,104
DA:33,104
DA:35,104
DA:36,70
DA:37,15
DA:38,2
DA:40,13
DA:41,13
DA:44,50
DA:49,15
DA:52,70
DA:55,104
DA:57,76
DA:59,26
DA:61,17
DA:62,17
DA:63,17
DA:64,17
DA:66,17
DA:69,2
DA:70,2
DA:71,2
DA:72,2
DA:74,2
DA:77,6
DA:78,6
DA:79,4
DA:81,6
DA:84,1
DA:85,1
DA:86,1
DA:87,1
DA:94,104
DA:95,70
DA:96,18
DA:97,18
DA:101,104
DA:102,4
DA:109,100
DA:110,4
DA:117,298
DA:119,96
DA:125,18
DA:149,298
DA:150,298
DA:152,298
DA:162,2
DA:163,1
LF:53
LH:53
BRDA:23,0,0,103
BRDA:24,1,0,101
BRDA:25,2,0,100
BRDA:26,3,0,103
BRDA:27,4,0,101
BRDA:37,5,0,2
BRDA:37,5,1,13
BRDA:44,6,0,50
BRDA:44,6,1,42
BRDA:59,7,0,17
BRDA:59,7,1,2
BRDA:59,7,2,6
BRDA:59,7,3,1
BRDA:64,8,0,3
BRDA:64,8,1,14
BRDA:72,9,0,2
BRDA:72,9,1,0
BRDA:78,10,0,4
BRDA:78,11,0,6
BRDA:78,11,1,5
BRDA:95,12,0,18
BRDA:95,13,0,70
BRDA:95,13,1,18
BRDA:101,14,0,4
BRDA:109,15,0,4
BRDA:132,16,0,20
BRDA:132,16,1,76
BRDA:137,17,0,3
BRDA:137,17,1,93
BRDA:137,18,0,96
BRDA:137,18,1,3
BRDA:162,19,0,1
BRDA:168,20,0,298
BRDA:168,20,1,263
BRF:34
BRH:33
end_of_record
TN:
SF:src/models/StateMachine.ts
FN:27,(anonymous_0)
FN:43,(anonymous_1)
FN:51,(anonymous_2)
FN:55,(anonymous_3)
FN:59,(anonymous_4)
FN:63,(anonymous_5)
FN:67,(anonymous_6)
FN:69,(anonymous_7)
FN:76,(anonymous_8)
FN:81,(anonymous_9)
FN:85,(anonymous_10)
FN:90,(anonymous_11)
FN:92,(anonymous_12)
FN:122,(anonymous_13)
FN:131,(anonymous_14)
FN:137,(anonymous_15)
FN:146,(anonymous_16)
FNF:17
FNH:17
FNDA:96,(anonymous_0)
FNDA:96,(anonymous_1)
FNDA:21,(anonymous_2)
FNDA:16,(anonymous_3)
FNDA:14,(anonymous_4)
FNDA:19,(anonymous_5)
FNDA:10,(anonymous_6)
FNDA:23,(anonymous_7)
FNDA:11,(anonymous_8)
FNDA:30,(anonymous_9)
FNDA:9,(anonymous_10)
FNDA:173,(anonymous_11)
FNDA:274,(anonymous_12)
FNDA:8,(anonymous_13)
FNDA:6,(anonymous_14)
FNDA:7,(anonymous_15)
FNDA:11,(anonymous_16)
DA:19,1
DA:22,96
DA:36,96
DA:37,96
DA:38,96
DA:39,96
DA:40,96
DA:48,96
DA:52,21
DA:56,16
DA:60,14
DA:64,19
DA:68,10
DA:70,23
DA:77,11
DA:82,30
DA:85,9
DA:91,173
DA:93,274
DA:98,173
DA:99,4
DA:100,4
DA:106,169
DA:108,169
DA:110,169
DA:111,169
DA:112,74
DA:115,169
DA:117,169
DA:119,169
DA:123,8
DA:124,8
DA:125,2
DA:127,6
DA:128,6
DA:132,6
DA:133,6
DA:134,6
DA:138,7
DA:143,7
DA:147,11
DA:148,10
DA:149,3
DA:151,7
DA:152,7
DA:153,7
DA:154,7
LF:47
LH:47
BRDA:30,0,0,85
BRDA:38,1,0,96
BRDA:38,1,1,92
BRDA:39,2,0,96
BRDA:39,2,1,92
BRDA:40,3,0,96
BRDA:40,3,1,92
BRDA:70,4,0,23
BRDA:70,4,1,10
BRDA:70,4,2,8
BRDA:70,4,3,6
BRDA:82,5,0,30
BRDA:82,5,1,12
BRDA:82,5,2,5
BRDA:93,6,0,274
BRDA:93,6,1,176
BRDA:93,6,2,171
BRDA:93,6,3,4
BRDA:98,7,0,4
BRDA:111,8,0,74
BRDA:124,9,0,2
BRDA:148,10,0,3
BRDA:148,11,0,10
BRDA:148,11,1,8
BRDA:154,12,0,7
BRDA:154,12,1,3
BRF:26
BRH:26
end_of_record
TN:
SF:src/services/EventBus.ts
FN:9,(anonymous_0)
FN:13,(anonymous_1)
FN:16,(anonymous_2)
FN:17,(anonymous_3)
FN:26,(anonymous_4)
FN:28,(anonymous_5)
FN:31,(anonymous_6)
FN:34,(anonymous_7)
FN:35,(anonymous_8)
FN:44,(anonymous_9)
FN:46,(anonymous_10)
FN:49,(anonymous_11)
FN:52,(anonymous_12)
FN:60,(anonymous_13)
FN:68,(anonymous_14)
FN:114,(anonymous_15)
FN:115,(anonymous_16)
FN:116,(anonymous_17)
FN:121,(anonymous_18)
FN:130,(anonymous_19)
FN:137,(anonymous_20)
FNF:21
FNH:19
FNDA:65,(anonymous_0)
FNDA:65,(anonymous_1)
FNDA:5,(anonymous_2)
FNDA:1,(anonymous_3)
FNDA:17,(anonymous_4)
FNDA:2,(anonymous_5)
FNDA:23,(anonymous_6)
FNDA:0,(anonymous_7)
FNDA:0,(anonymous_8)
FNDA:4,(anonymous_9)
FNDA:2,(anonymous_10)
FNDA:33,(anonymous_11)
FNDA:5,(anonymous_12)
FNDA:33,(anonymous_13)
FNDA:57,(anonymous_14)
FNDA:9,(anonymous_15)
FNDA:9,(anonymous_16)
FNDA:3,(anonymous_17)
FNDA:6,(anonymous_18)
FNDA:26,(anonymous_19)
FNDA:5,(anonymous_20)
DA:9,1
DA:10,65
DA:11,65
DA:14,65
DA:15,16
DA:16,16
DA:17,16
DA:20,49
DA:21,38
DA:24,49
DA:25,49
DA:26,49
DA:28,49
DA:32,23
DA:33,3
DA:34,3
DA:35,3
DA:38,20
DA:39,16
DA:42,20
DA:43,20
DA:44,20
DA:46,20
DA:50,33
DA:51,5
DA:52,5
DA:54,5
DA:57,28
DA:58,28
DA:60,33
DA:61,26
DA:62,19
DA:64,7
DA:69,57
DA:71,57
DA:72,57
DA:74,57
DA:75,50
DA:76,50
DA:78,8
DA:80,50
DA:81,14
DA:85,57
DA:86,14
DA:90,57
DA:91,57
DA:92,12
DA:93,12
DA:95,2
DA:97,12
DA:98,3
DA:102,57
DA:103,3
DA:106,57
DA:107,8
DA:115,9
DA:116,9
DA:117,3
DA:118,3
DA:121,9
DA:122,6
DA:123,6
DA:126,9
DA:131,26
DA:132,6
DA:134,20
DA:138,5
DA:139,1
DA:140,4
DA:141,2
DA:143,2
DA:144,2
LF:72
LH:72
BRDA:13,0,0,56
BRDA:14,1,0,16
BRDA:20,2,0,38
BRDA:31,3,0,20
BRDA:32,4,0,3
BRDA:38,5,0,16
BRDA:50,6,0,5
BRDA:58,7,0,2
BRDA:61,8,0,19
BRDA:61,8,1,7
BRDA:71,9,0,57
BRDA:71,9,1,19
BRDA:78,10,0,7
BRDA:78,10,1,1
BRDA:80,11,0,14
BRDA:95,12,0,2
BRDA:95,12,1,0
BRDA:97,13,0,3
BRDA:106,14,0,8
BRDA:114,15,0,6
BRDA:131,16,0,6
BRDA:134,17,0,20
BRDA:134,17,1,9
BRDA:138,18,0,1
BRDA:138,18,1,4
BRDA:140,19,0,2
BRDA:140,19,1,2
BRF:27
BRH:26
end_of_record
